<?xml version="1.0" encoding="UTF-8"?>
<!-- Generated by org.testng.reporters.JUnitReportReporter -->
<testsuite hostname="Arshiya-VAIO" failures="0" tests="2" name="Maven_GID.Maven_AID.Testng_Test" time="0.009" errors="0" timestamp="03 Jun 2018 03:13:33 GMT" skipped="0">
  <testcase classname="Maven_GID.Maven_AID.Testng_Test" name="Testng_Message" time="0.009"/>
  <testcase classname="Maven_GID.Maven_AID.Testng_Test" name="Testng_Message1" time="0.000"/>
</testsuite> <!-- Maven_GID.Maven_AID.Testng_Test -->
