<?xml version="1.0" encoding="UTF-8"?>
<!-- Generated by org.testng.reporters.JUnitReportReporter -->
<testsuite hostname="Arshiya-VAIO" failures="0" tests="1" name="Maven_GID.Maven_AID.AppTest" time="0.002" errors="0" timestamp="03 Jun 2018 03:13:33 GMT" skipped="0">
  <testcase classname="Maven_GID.Maven_AID.AppTest" name="testApp" time="0.002"/>
</testsuite> <!-- Maven_GID.Maven_AID.AppTest -->
